Log file open, 06/22/19 14:35:54
LogWindows: Failed to load 'aqProf.dll' (GetLastError=126)
LogWindows: File 'aqProf.dll' does not exist
LogWindows: Failed to load 'VSPerf140.dll' (GetLastError=126)
LogWindows: File 'VSPerf140.dll' does not exist
LogWindows: Failed to load 'VtuneApi.dll' (GetLastError=126)
LogWindows: File 'VtuneApi.dll' does not exist
LogWindows: Failed to load 'VtuneApi32e.dll' (GetLastError=126)
LogWindows: File 'VtuneApi32e.dll' does not exist
LogInit: Display: Running engine for game: VR_Movement
LogPlatformFile: Not using cached read wrapper
LogInit: Display: RandInit(-871081087) SRandInit(-871081087).
LogInit: Read version file with build ID '3709383'
LogInit: Overriding engine version to CL 3832480, compatible CL 3709383
LogInit: Registered custom module enumerator with build ID '3709383'
LogTaskGraph: Started task graph with 5 named threads and 14 total threads with 3 sets of task threads.
LogStats: Stats thread started at 0.208293
LogD3D11RHI: Aftermath initialized
LogPluginManager: Mounting plugin Paper2D
LogPluginManager: Mounting plugin LightPropagationVolume
LogPluginManager: Mounting plugin CodeLiteSourceCodeAccess
LogPluginManager: Mounting plugin GitSourceControl
LogPluginManager: Mounting plugin KDevelopSourceCodeAccess
LogPluginManager: Mounting plugin NullSourceCodeAccess
LogPluginManager: Mounting plugin PerforceSourceControl
LogPluginManager: Mounting plugin SubversionSourceControl
LogPluginManager: Mounting plugin UObjectPlugin
LogPluginManager: Mounting plugin VisualStudioCodeSourceCodeAccess
LogPluginManager: Mounting plugin VisualStudioSourceCodeAccess
LogPluginManager: Mounting plugin XCodeSourceCodeAccess
LogPluginManager: Mounting plugin AssetManagerEditor
LogPluginManager: Mounting plugin AudioCapture
LogPluginManager: Mounting plugin FacialAnimation
LogPluginManager: Mounting plugin GameplayTagsEditor
LogPluginManager: Mounting plugin MobileLauncherProfileWizard
LogPluginManager: Mounting plugin PluginBrowser
LogPluginManager: Mounting plugin SpeedTreeImporter
LogPluginManager: Mounting plugin AlembicImporter
LogPluginManager: Mounting plugin CharacterAI
LogPluginManager: Mounting plugin HTML5Networking
LogPluginManager: Mounting plugin AndroidMedia
LogPluginManager: Mounting plugin AvfMedia
LogPluginManager: Mounting plugin ImgMedia
LogPluginManager: Mounting plugin MediaCompositing
LogPluginManager: Mounting plugin MediaPlayerEditor
LogPluginManager: Mounting plugin WmfMedia
LogPluginManager: Mounting plugin TcpMessaging
LogPluginManager: Mounting plugin UdpMessaging
LogPluginManager: Mounting plugin ActorSequence
LogPluginManager: Mounting plugin LevelSequenceEditor
LogPluginManager: Mounting plugin MatineeToLevelSequence
LogPluginManager: Mounting plugin OnlineSubsystemGooglePlay
LogPluginManager: Mounting plugin OnlineSubsystemIOS
LogPluginManager: Mounting plugin OnlineSubsystem
LogPluginManager: Mounting plugin OnlineSubsystemNull
LogPluginManager: Mounting plugin OnlineSubsystemUtils
LogPluginManager: Mounting plugin AndroidDeviceProfileSelector
LogPluginManager: Mounting plugin AndroidMoviePlayer
LogPluginManager: Mounting plugin AndroidPermission
LogPluginManager: Mounting plugin AppleARKit
LogPluginManager: Mounting plugin AppleMoviePlayer
LogPluginManager: Mounting plugin ArchVisCharacter
LogPluginManager: Mounting plugin CableComponent
LogPluginManager: Mounting plugin CustomMeshComponent
LogPluginManager: Mounting plugin ExampleDeviceProfileSelector
LogPluginManager: Mounting plugin GoogleCloudMessaging
LogPluginManager: Mounting plugin ImmediatePhysics
LogPluginManager: Mounting plugin IOSDeviceProfileSelector
LogPluginManager: Mounting plugin LinuxDeviceProfileSelector
LogPluginManager: Mounting plugin LocationServicesBPLibrary
LogPluginManager: Mounting plugin MobilePatchingUtils
LogPluginManager: Mounting plugin OculusVR
LogPluginManager: Plugin shader directory ../../../Engine/Plugins/Runtime/Oculus/OculusVR/Shaders found
LogPluginManager: Mapping shader source directory ../../../Engine/Plugins/Runtime/Oculus/OculusVR/Shaders to virtual directory /Plugin/OculusVR
LogPluginManager: Mounting plugin PhysXVehicles
LogPluginManager: Mounting plugin ProceduralMeshComponent
LogPluginManager: Mounting plugin RuntimePhysXCooking
LogPluginManager: Mounting plugin SteamVR
LogPluginManager: Mounting plugin WindowsMoviePlayer
LogModuleManager: Display: Found up-to-date module file D:/Unreal Projects/VR_Movement/VR_Movement/Binaries/Win64/UE4Editor-VR_Movement.dll (API version 3709383).
LogModuleManager: Display: Found up-to-date module file ../../../Engine/Plugins/2D/Paper2D/Binaries/Win64/UE4Editor-Paper2D.dll (API version 3709383).
LogModuleManager: Display: Found up-to-date module file ../../../Engine/Plugins/2D/Paper2D/Binaries/Win64/UE4Editor-Paper2DEditor.dll (API version 3709383).
LogModuleManager: Display: Found up-to-date module file ../../../Engine/Plugins/2D/Paper2D/Binaries/Win64/UE4Editor-PaperSpriteSheetImporter.dll (API version 3709383).
LogModuleManager: Display: Found up-to-date module file ../../../Engine/Plugins/2D/Paper2D/Binaries/Win64/UE4Editor-PaperTiledImporter.dll (API version 3709383).
LogModuleManager: Display: Found up-to-date module file ../../../Engine/Plugins/2D/Paper2D/Binaries/Win64/UE4Editor-SmartSnapping.dll (API version 3709383).
LogModuleManager: Display: Found up-to-date module file ../../../Engine/Plugins/Blendables/LightPropagationVolume/Binaries/Win64/UE4Editor-LightPropagationVolumeRuntime.dll (API version 3709383).
LogModuleManager: Display: Found up-to-date module file ../../../Engine/Plugins/Blendables/LightPropagationVolume/Binaries/Win64/UE4Editor-LightPropagationVolumeEditor.dll (API version 3709383).
LogModuleManager: Display: Found up-to-date module file ../../../Engine/Plugins/Developer/GitSourceControl/Binaries/Win64/UE4Editor-GitSourceControl.dll (API version 3709383).
LogModuleManager: Display: Found up-to-date module file ../../../Engine/Plugins/Developer/PerforceSourceControl/Binaries/Win64/UE4Editor-PerforceSourceControl.dll (API version 3709383).
LogModuleManager: Display: Found up-to-date module file ../../../Engine/Plugins/Developer/SubversionSourceControl/Binaries/Win64/UE4Editor-SubversionSourceControl.dll (API version 3709383).
LogModuleManager: Display: Found up-to-date module file ../../../Engine/Plugins/Developer/UObjectPlugin/Binaries/Win64/UE4Editor-UObjectPlugin.dll (API version 3709383).
LogModuleManager: Display: Found up-to-date module file ../../../Engine/Plugins/Developer/VisualStudioCodeSourceCodeAccess/Binaries/Win64/UE4Editor-VisualStudioCodeSourceCodeAccess.dll (API version 3709383).
LogModuleManager: Display: Found up-to-date module file ../../../Engine/Plugins/Developer/VisualStudioSourceCodeAccess/Binaries/Win64/UE4Editor-VisualStudioSourceCodeAccess.dll (API version 3709383).
LogModuleManager: Display: Found up-to-date module file ../../../Engine/Plugins/Editor/AssetManagerEditor/Binaries/Win64/UE4Editor-AssetManagerEditor.dll (API version 3709383).
LogModuleManager: Display: Found up-to-date module file ../../../Engine/Plugins/Editor/AudioCapture/Binaries/Win64/UE4Editor-AudioCapture.dll (API version 3709383).
LogModuleManager: Display: Found up-to-date module file ../../../Engine/Plugins/Editor/FacialAnimation/Binaries/Win64/UE4Editor-FacialAnimation.dll (API version 3709383).
LogModuleManager: Display: Found up-to-date module file ../../../Engine/Plugins/Editor/FacialAnimation/Binaries/Win64/UE4Editor-FacialAnimationEditor.dll (API version 3709383).
LogModuleManager: Display: Found up-to-date module file ../../../Engine/Plugins/Editor/GameplayTagsEditor/Binaries/Win64/UE4Editor-GameplayTagsEditor.dll (API version 3709383).
LogModuleManager: Display: Found up-to-date module file ../../../Engine/Plugins/Editor/MobileLauncherProfileWizard/Binaries/Win64/UE4Editor-MobileLauncherProfileWizard.dll (API version 3709383).
LogModuleManager: Display: Found up-to-date module file ../../../Engine/Plugins/Editor/PluginBrowser/Binaries/Win64/UE4Editor-PluginBrowser.dll (API version 3709383).
LogModuleManager: Display: Found up-to-date module file ../../../Engine/Plugins/Editor/SpeedTreeImporter/Binaries/Win64/UE4Editor-SpeedTreeImporter.dll (API version 3709383).
LogModuleManager: Display: Found up-to-date module file ../../../Engine/Plugins/Experimental/AlembicImporter/Binaries/Win64/UE4Editor-AlembicImporter.dll (API version 3709383).
LogModuleManager: Display: Found up-to-date module file ../../../Engine/Plugins/Experimental/AlembicImporter/Binaries/Win64/UE4Editor-AlembicLibrary.dll (API version 3709383).
LogModuleManager: Display: Found up-to-date module file ../../../Engine/Plugins/Experimental/CharacterAI/Binaries/Win64/UE4Editor-CharacterAI.dll (API version 3709383).
LogModuleManager: Display: Found up-to-date module file ../../../Engine/Plugins/Experimental/HTML5Networking/Binaries/Win64/UE4Editor-HTML5Networking.dll (API version 3709383).
LogModuleManager: Display: Found up-to-date module file ../../../Engine/Plugins/Media/AndroidMedia/Binaries/Win64/UE4Editor-AndroidMediaEditor.dll (API version 3709383).
LogModuleManager: Display: Found up-to-date module file ../../../Engine/Plugins/Media/AndroidMedia/Binaries/Win64/UE4Editor-AndroidMediaFactory.dll (API version 3709383).
LogModuleManager: Display: Found up-to-date module file ../../../Engine/Plugins/Media/AvfMedia/Binaries/Win64/UE4Editor-AvfMediaEditor.dll (API version 3709383).
LogModuleManager: Display: Found up-to-date module file ../../../Engine/Plugins/Media/AvfMedia/Binaries/Win64/UE4Editor-AvfMediaFactory.dll (API version 3709383).
LogModuleManager: Display: Found up-to-date module file ../../../Engine/Plugins/Media/AvfMedia/Binaries/Win64/UE4Editor-AvfMediaFactory.dll (API version 3709383).
LogModuleManager: Display: Found up-to-date module file ../../../Engine/Plugins/Media/ImgMedia/Binaries/Win64/UE4Editor-ImgMedia.dll (API version 3709383).
LogModuleManager: Display: Found up-to-date module file ../../../Engine/Plugins/Media/ImgMedia/Binaries/Win64/UE4Editor-ImgMediaEditor.dll (API version 3709383).
LogModuleManager: Display: Found up-to-date module file ../../../Engine/Plugins/Media/ImgMedia/Binaries/Win64/UE4Editor-ImgMediaFactory.dll (API version 3709383).
LogModuleManager: Display: Found up-to-date module file ../../../Engine/Plugins/Media/ImgMedia/Binaries/Win64/UE4Editor-ImgMediaFactory.dll (API version 3709383).
LogModuleManager: Display: Found up-to-date module file ../../../Engine/Plugins/Media/ImgMedia/Binaries/Win64/UE4Editor-OpenExrWrapper.dll (API version 3709383).
LogModuleManager: Display: Found up-to-date module file ../../../Engine/Plugins/Media/MediaCompositing/Binaries/Win64/UE4Editor-MediaCompositing.dll (API version 3709383).
LogModuleManager: Display: Found up-to-date module file ../../../Engine/Plugins/Media/MediaCompositing/Binaries/Win64/UE4Editor-MediaCompositingEditor.dll (API version 3709383).
LogModuleManager: Display: Found up-to-date module file ../../../Engine/Plugins/Media/MediaPlayerEditor/Binaries/Win64/UE4Editor-MediaPlayerEditor.dll (API version 3709383).
LogModuleManager: Display: Found up-to-date module file ../../../Engine/Plugins/Media/WmfMedia/Binaries/Win64/UE4Editor-WmfMedia.dll (API version 3709383).
LogModuleManager: Display: Found up-to-date module file ../../../Engine/Plugins/Media/WmfMedia/Binaries/Win64/UE4Editor-WmfMediaEditor.dll (API version 3709383).
LogModuleManager: Display: Found up-to-date module file ../../../Engine/Plugins/Media/WmfMedia/Binaries/Win64/UE4Editor-WmfMediaFactory.dll (API version 3709383).
LogModuleManager: Display: Found up-to-date module file ../../../Engine/Plugins/Media/WmfMedia/Binaries/Win64/UE4Editor-WmfMediaFactory.dll (API version 3709383).
LogModuleManager: Display: Found up-to-date module file ../../../Engine/Plugins/Messaging/TcpMessaging/Binaries/Win64/UE4Editor-TcpMessaging.dll (API version 3709383).
LogModuleManager: Display: Found up-to-date module file ../../../Engine/Plugins/Messaging/UdpMessaging/Binaries/Win64/UE4Editor-UdpMessaging.dll (API version 3709383).
LogModuleManager: Display: Found up-to-date module file ../../../Engine/Plugins/MovieScene/ActorSequence/Binaries/Win64/UE4Editor-ActorSequence.dll (API version 3709383).
LogModuleManager: Display: Found up-to-date module file ../../../Engine/Plugins/MovieScene/LevelSequenceEditor/Binaries/Win64/UE4Editor-LevelSequenceEditor.dll (API version 3709383).
LogModuleManager: Display: Found up-to-date module file ../../../Engine/Plugins/MovieScene/MatineeToLevelSequence/Binaries/Win64/UE4Editor-MatineeToLevelSequence.dll (API version 3709383).
LogModuleManager: Display: Found up-to-date module file ../../../Engine/Plugins/Online/OnlineSubsystem/Binaries/Win64/UE4Editor-OnlineSubsystem.dll (API version 3709383).
LogModuleManager: Display: Found up-to-date module file ../../../Engine/Plugins/Online/OnlineSubsystemNull/Binaries/Win64/UE4Editor-OnlineSubsystemNull.dll (API version 3709383).
LogModuleManager: Display: Found up-to-date module file ../../../Engine/Plugins/Online/OnlineSubsystemUtils/Binaries/Win64/UE4Editor-OnlineSubsystemUtils.dll (API version 3709383).
LogModuleManager: Display: Found up-to-date module file ../../../Engine/Plugins/Online/OnlineSubsystemUtils/Binaries/Win64/UE4Editor-OnlineBlueprintSupport.dll (API version 3709383).
LogModuleManager: Display: Found up-to-date module file ../../../Engine/Plugins/Runtime/AndroidDeviceProfileSelector/Binaries/Win64/UE4Editor-AndroidDeviceProfileSelector.dll (API version 3709383).
LogModuleManager: Display: Found up-to-date module file ../../../Engine/Plugins/Runtime/AndroidPermission/Binaries/Win64/UE4Editor-AndroidPermission.dll (API version 3709383).
LogModuleManager: Display: Found up-to-date module file ../../../Engine/Plugins/Runtime/AppleARKit/Binaries/Win64/UE4Editor-AppleARKit.dll (API version 3709383).
LogModuleManager: Display: Found up-to-date module file ../../../Engine/Plugins/Runtime/ArchVisCharacter/Binaries/Win64/UE4Editor-ArchVisCharacter.dll (API version 3709383).
LogModuleManager: Display: Found up-to-date module file ../../../Engine/Plugins/Runtime/CableComponent/Binaries/Win64/UE4Editor-CableComponent.dll (API version 3709383).
LogModuleManager: Display: Found up-to-date module file ../../../Engine/Plugins/Runtime/CustomMeshComponent/Binaries/Win64/UE4Editor-CustomMeshComponent.dll (API version 3709383).
LogModuleManager: Display: Found up-to-date module file ../../../Engine/Plugins/Runtime/ExampleDeviceProfileSelector/Binaries/Win64/UE4Editor-ExampleDeviceProfileSelector.dll (API version 3709383).
LogModuleManager: Display: Found up-to-date module file ../../../Engine/Plugins/Runtime/ImmediatePhysics/Binaries/Win64/UE4Editor-ImmediatePhysics.dll (API version 3709383).
LogModuleManager: Display: Found up-to-date module file ../../../Engine/Plugins/Runtime/ImmediatePhysics/Binaries/Win64/UE4Editor-ImmediatePhysicsEditor.dll (API version 3709383).
LogModuleManager: Display: Found up-to-date module file ../../../Engine/Plugins/Runtime/LocationServicesBPLibrary/Binaries/Win64/UE4Editor-LocationServicesBPLibrary.dll (API version 3709383).
LogModuleManager: Display: Found up-to-date module file ../../../Engine/Plugins/Runtime/MobilePatchingUtils/Binaries/Win64/UE4Editor-MobilePatchingUtils.dll (API version 3709383).
LogModuleManager: Display: Found up-to-date module file ../../../Engine/Plugins/Runtime/Oculus/OculusVR/Binaries/Win64/UE4Editor-OculusHMD.dll (API version 3709383).
LogModuleManager: Display: Found up-to-date module file ../../../Engine/Plugins/Runtime/Oculus/OculusVR/Binaries/Win64/UE4Editor-OculusInput.dll (API version 3709383).
LogModuleManager: Display: Found up-to-date module file ../../../Engine/Plugins/Runtime/Oculus/OculusVR/Binaries/Win64/UE4Editor-OculusEditor.dll (API version 3709383).
LogModuleManager: Display: Found up-to-date module file ../../../Engine/Plugins/Runtime/PhysXVehicles/Binaries/Win64/UE4Editor-PhysXVehicles.dll (API version 3709383).
LogModuleManager: Display: Found up-to-date module file ../../../Engine/Plugins/Runtime/PhysXVehicles/Binaries/Win64/UE4Editor-PhysXVehiclesEditor.dll (API version 3709383).
LogModuleManager: Display: Found up-to-date module file ../../../Engine/Plugins/Runtime/ProceduralMeshComponent/Binaries/Win64/UE4Editor-ProceduralMeshComponent.dll (API version 3709383).
LogModuleManager: Display: Found up-to-date module file ../../../Engine/Plugins/Runtime/ProceduralMeshComponent/Binaries/Win64/UE4Editor-ProceduralMeshComponentEditor.dll (API version 3709383).
LogModuleManager: Display: Found up-to-date module file ../../../Engine/Plugins/Runtime/RuntimePhysXCooking/Binaries/Win64/UE4Editor-RuntimePhysXCooking.dll (API version 3709383).
LogModuleManager: Display: Found up-to-date module file ../../../Engine/Plugins/Runtime/Steam/SteamVR/Binaries/Win64/UE4Editor-SteamVR.dll (API version 3709383).
LogModuleManager: Display: Found up-to-date module file ../../../Engine/Plugins/Runtime/Steam/SteamVR/Binaries/Win64/UE4Editor-SteamVRController.dll (API version 3709383).
LogModuleManager: Display: Found up-to-date module file ../../../Engine/Plugins/Runtime/WindowsMoviePlayer/Binaries/Win64/UE4Editor-WindowsMoviePlayer.dll (API version 3709383).
LogInit: Using libcurl 7.47.1
LogInit:  - built for x86_64-pc-win32
LogInit:  - supports SSL with OpenSSL/1.0.2g
LogInit:  - supports HTTP deflate (compression) using libz 1.2.8
LogInit:  - other features:
LogInit:      CURL_VERSION_SSL
LogInit:      CURL_VERSION_LIBZ
LogInit:      CURL_VERSION_IPV6
LogInit:      CURL_VERSION_ASYNCHDNS
LogInit:      CURL_VERSION_LARGEFILE
LogInit:      CURL_VERSION_IDN
LogInit:  CurlRequestOptions (configurable via config and command line):
LogInit:  - bVerifyPeer = false  - Libcurl will NOT verify peer certificate
LogInit:  - bUseHttpProxy = false  - Libcurl will NOT use HTTP proxy
LogInit:  - bDontReuseConnections = false  - Libcurl will reuse connections
LogInit:  - CertBundlePath = nullptr  - Libcurl will use whatever was configured at build time.
LogInit: Build: ++UE4+Release-4.18-CL-3832480
LogInit: Engine Version: 4.18.3-3832480+++UE4+Release-4.18
LogInit: Compatible Engine Version: 4.18.0-3709383+++UE4+Release-4.18
LogInit: Net CL: 3709383
LogDevObjectVersion: Number of dev versions registered: 16
LogDevObjectVersion:   Dev-Blueprints (B0D832E4-1F89-4F0D-ACCF-7EB736FD4AA2): 10
LogDevObjectVersion:   Dev-Build (E1C64328-A22C-4D53-A36C-8E866417BD8C): 0
LogDevObjectVersion:   Dev-Core (375EC13C-06E4-48FB-B500-84F0262A717E): 2
LogDevObjectVersion:   Dev-Editor (E4B068ED-F494-42E9-A231-DA0B2E46BB41): 20
LogDevObjectVersion:   Dev-Framework (CFFC743F-43B0-4480-9391-14DF171D2073): 30
LogDevObjectVersion:   Dev-Mobile (B02B49B5-BB20-44E9-A304-32B752E40360): 0
LogDevObjectVersion:   Dev-Networking (A4E4105C-59A1-49B5-A7C5-40C4547EDFEE): 0
LogDevObjectVersion:   Dev-Online (39C831C9-5AE6-47DC-9A44-9C173E1C8E7C): 0
LogDevObjectVersion:   Dev-Physics (78F01B33-EBEA-4F98-B9B4-84EACCB95AA2): 0
LogDevObjectVersion:   Dev-Platform (6631380F-2D4D-43E0-8009-CF276956A95A): 0
LogDevObjectVersion:   Dev-Rendering (12F88B9F-8875-4AFC-A67C-D90C383ABD29): 20
LogDevObjectVersion:   Dev-Sequencer (7B5AE74C-D270-4C10-A958-57980B212A5A): 4
LogDevObjectVersion:   Dev-VR (D7296918-1DD6-4BDD-9DE2-64A83CC13884): 0
LogDevObjectVersion:   Dev-LoadTimes (C2A15278-BFE7-4AFE-6C17-90FF531DF755): 1
LogDevObjectVersion:   Private-Geometry (6EACA3D4-40EC-4CC1-B786-8BED09428FC5): 1
LogDevObjectVersion:   Dev-AnimPhys (29E575DD-E0A3-4627-9D10-D276232CDCEA): 12
LogInit: Compiled (64-bit): Jan 12 2018 02:04:55
LogInit: Compiled with Visual C++: 19.00.24215.01
LogInit: Build Configuration: Development
LogInit: Branch Name: ++UE4+Release-4.18
LogInit: Command line: -EpicPortal  -epicusername="Random_dev" -epicuserid=8e8c80f5858147f08bfc8ce790a19682 -epiclocale=en-GB
LogInit: Base directory: C:/Program Files/Epic Games/UE_4.18/Engine/Binaries/Win64/
LogInit: Installed Engine Build: 1
LogInit: Presizing for max 8388607 objects, including 0 objects not considered by GC, pre-allocating 0 bytes for permanent pool.
LogInit: Object subsystem initialized
[2019.06.22-18.35.56:899][  0]LogInit: Selected Device Profile: [Windows]
[2019.06.22-18.35.56:899][  0]LogInit: Applying CVar settings loaded from the selected device profile: [Windows]
[2019.06.22-18.35.56:910][  0]LogInit: Computer: DESKTOP-Q6913F5
[2019.06.22-18.35.56:910][  0]LogInit: User: Toni
[2019.06.22-18.35.56:910][  0]LogInit: CPU Page size=4096, Cores=4
[2019.06.22-18.35.56:910][  0]LogInit: High frequency timer resolution =2.742187 MHz
[2019.06.22-18.35.56:910][  0]LogMemory: Memory total: Physical=16.0GB (16GB approx)
[2019.06.22-18.35.56:910][  0]LogMemory: Platform Memory Stats for Windows
[2019.06.22-18.35.56:910][  0]LogMemory: Process Physical Memory: 272.11 MB used, 272.11 MB peak
[2019.06.22-18.35.56:910][  0]LogMemory: Process Virtual Memory: 269.91 MB used, 269.91 MB peak
[2019.06.22-18.35.56:910][  0]LogMemory: Physical Memory: 8403.70 MB used,  7935.59 MB free, 16339.29 MB total
[2019.06.22-18.35.56:910][  0]LogMemory: Virtual Memory: 4780.16 MB used,  7935.59 MB free, 134217728.00 MB total
[2019.06.22-18.35.57:175][  0]LogInit: Overriding language with editor language configuration option (en).
[2019.06.22-18.35.57:175][  0]LogInit: Overriding locale with editor locale configuration option (en).
[2019.06.22-18.35.57:671][  0]LogInit: Setting process to per monitor DPI aware
[2019.06.22-18.35.58:018][  0]LogD3D11RHI: D3D11 adapters:
[2019.06.22-18.35.58:084][  0]LogD3D11RHI:    0. 'NVIDIA GeForce GTX 1070' (Feature Level 11_0)
[2019.06.22-18.35.58:084][  0]LogD3D11RHI:       8081/0/8169 MB DedicatedVideo/DedicatedSystem/SharedSystem, Outputs:1, VendorId:0x10de
[2019.06.22-18.35.58:086][  0]LogD3D11RHI:    1. 'Microsoft Basic Render Driver' (Feature Level 11_0)
[2019.06.22-18.35.58:086][  0]LogD3D11RHI:       0/0/8169 MB DedicatedVideo/DedicatedSystem/SharedSystem, Outputs:0, VendorId:0x1414
[2019.06.22-18.35.58:086][  0]LogD3D11RHI: Chosen D3D11 Adapter: 0
[2019.06.22-18.35.58:099][  0]LogD3D11RHI: Creating new Direct3DDevice
[2019.06.22-18.35.58:099][  0]LogD3D11RHI:     GPU DeviceId: 0x1be1 (for the marketing name, search the web for "GPU Device Id")
[2019.06.22-18.35.58:099][  0]LogWindows: EnumDisplayDevices:
[2019.06.22-18.35.58:099][  0]LogWindows:    0. 'NVIDIA GeForce GTX 1070' (P:1 D:1)
[2019.06.22-18.35.58:099][  0]LogWindows:    1. 'NVIDIA GeForce GTX 1070' (P:0 D:0)
[2019.06.22-18.35.58:099][  0]LogWindows:    2. 'NVIDIA GeForce GTX 1070' (P:0 D:0)
[2019.06.22-18.35.58:099][  0]LogWindows:    3. 'NVIDIA GeForce GTX 1070' (P:0 D:0)
[2019.06.22-18.35.58:100][  0]LogWindows: DebugString: GetVideoDriverDetailsInvalid PrimaryIsNotTheChoosenAdapter GetVideoDriverDetailsInvalid PrimaryIsNotTheChoosenAdapter GetVideoDriverDetailsInvalid PrimaryIsNotTheChoosenAdapter GetVideoDriverDetailsInvalid PrimaryIsNotTheChoosenAdapter FoundDriverCount:0 
[2019.06.22-18.35.58:100][  0]LogD3D11RHI:     Adapter Name: NVIDIA GeForce GTX 1070
[2019.06.22-18.35.58:100][  0]LogD3D11RHI:   Driver Version: Unknown (internal:Unknown, unified:Unknown)
[2019.06.22-18.35.58:100][  0]LogD3D11RHI:      Driver Date: Unknown
[2019.06.22-18.35.58:100][  0]LogRHI: Texture pool is 5656 MB (70% of 8081 MB)
[2019.06.22-18.35.58:140][  0]LogD3D11RHI: Async texture creation enabled
[2019.06.22-18.35.58:160][  0]LogD3D11RHI: GPU Timing Frequency: 1000.000000 (Debug: 2 1)
[2019.06.22-18.35.58:206][  0]LogShaderCompilers: Guid format shader working directory is 4 characters bigger than the processId version (D:/Unreal Projects/VR_Movement/VR_Movement/Intermediate/Shaders/WorkingDirectory/2232/).
[2019.06.22-18.35.58:206][  0]LogShaderCompilers: Cleaned the shader compiler working directory 'C:/Users/tgink/AppData/Local/Temp/UnrealShaderWorkingDir/FB395F7C4D752BEC8FB22CAFC71B7B1A/'.
[2019.06.22-18.35.58:206][  0]LogShaderCompilers: Display: Using Local Shader Compiler.
[2019.06.22-18.35.59:532][  0]LogTemp: Display: Loaded TP AllDesktopTargetPlatform
[2019.06.22-18.35.59:627][  0]LogTemp: Display: Loaded TP MacClientTargetPlatform
[2019.06.22-18.35.59:722][  0]LogTemp: Display: Loaded TP MacNoEditorTargetPlatform
[2019.06.22-18.35.59:815][  0]LogTemp: Display: Loaded TP MacServerTargetPlatform
[2019.06.22-18.35.59:907][  0]LogTemp: Display: Loaded TP MacTargetPlatform
[2019.06.22-18.35.59:999][  0]LogTemp: Display: Loaded TP WindowsClientTargetPlatform
[2019.06.22-18.36.00:092][  0]LogTemp: Display: Loaded TP WindowsNoEditorTargetPlatform
[2019.06.22-18.36.00:183][  0]LogTemp: Display: Loaded TP WindowsServerTargetPlatform
[2019.06.22-18.36.00:269][  0]LogTemp: Display: Loaded TP WindowsTargetPlatform
[2019.06.22-18.36.00:360][  0]LogTemp: Display: Loaded TP Android_ASTCTargetPlatform
[2019.06.22-18.36.00:448][  0]LogTemp: Display: Loaded TP Android_ATCTargetPlatform
[2019.06.22-18.36.00:538][  0]LogTemp: Display: Loaded TP Android_DXTTargetPlatform
[2019.06.22-18.36.00:630][  0]LogTemp: Display: Loaded TP Android_ETC1TargetPlatform
[2019.06.22-18.36.00:722][  0]LogTemp: Display: Loaded TP Android_ETC2TargetPlatform
[2019.06.22-18.36.00:900][  0]LogTemp: Display: Loaded TP Android_MultiTargetPlatform
[2019.06.22-18.36.00:900][  0]LogTemp: Display: Loaded TP Android_PVRTCTargetPlatform
[2019.06.22-18.36.00:997][  0]LogTemp: Display: Loaded TP AndroidTargetPlatform
[2019.06.22-18.36.01:070][  0]LogTemp: Display: Loaded TP HTML5TargetPlatform
[2019.06.22-18.36.01:221][  0]LogTemp: Display: Loaded TP IOSTargetPlatform
[2019.06.22-18.36.01:267][  0]LogTemp: Display: Loaded TP TVOSTargetPlatform
[2019.06.22-18.36.01:355][  0]LogTemp: Display: Loaded TP LinuxClientTargetPlatform
[2019.06.22-18.36.01:446][  0]LogTemp: Display: Loaded TP LinuxNoEditorTargetPlatform
[2019.06.22-18.36.01:533][  0]LogTemp: Display: Loaded TP LinuxServerTargetPlatform
[2019.06.22-18.36.01:623][  0]LogTemp: Display: Loaded TP LinuxTargetPlatform
[2019.06.22-18.36.01:623][  0]LogTargetPlatformManager: Display: Building Assets For Windows
[2019.06.22-18.36.02:486][  0]LogDerivedDataCache: Display: Max Cache Size: 512 MB
[2019.06.22-18.36.02:561][  0]LogDerivedDataCache: Loaded boot cache 0.07s 78MB C:/Users/tgink/AppData/Local/UnrealEngine/4.18/DerivedDataCache/Boot.ddc.
[2019.06.22-18.36.02:561][  0]LogDerivedDataCache: Display: Loaded Boot cache: C:/Users/tgink/AppData/Local/UnrealEngine/4.18/DerivedDataCache/Boot.ddc
[2019.06.22-18.36.02:561][  0]LogDerivedDataCache: FDerivedDataBackendGraph:  Pak pak cache file D:/Unreal Projects/VR_Movement/VR_Movement/DerivedDataCache/DDC.ddp not found, will not use a pak cache.
[2019.06.22-18.36.02:561][  0]LogDerivedDataCache: Unable to find inner node Pak for hierarchical cache Hierarchy.
[2019.06.22-18.36.02:561][  0]LogDerivedDataCache: FDerivedDataBackendGraph:  CompressedPak pak cache file D:/Unreal Projects/VR_Movement/VR_Movement/DerivedDataCache/Compressed.ddp not found, will not use a pak cache.
[2019.06.22-18.36.02:561][  0]LogDerivedDataCache: Unable to find inner node CompressedPak for hierarchical cache Hierarchy.
[2019.06.22-18.36.02:594][  0]LogDerivedDataCache: Display: Pak cache opened for reading ../../../Engine/DerivedDataCache/Compressed.ddp.
[2019.06.22-18.36.02:607][  0]LogDerivedDataCache: Using Local data cache path C:/Users/tgink/AppData/Local/UnrealEngine/Common/DerivedDataCache: Writable
[2019.06.22-18.36.02:621][  0]LogMaterial: Verifying Global Shaders for PCD3D_SM5
[2019.06.22-18.36.02:621][  0]LogSlate: Using Freetype 2.6.0
[2019.06.22-18.36.02:622][  0]LogSlate: SlateFontCache - WITH_FREETYPE: 1, WITH_HARFBUZZ: 1
[2019.06.22-18.36.02:622][  0]LogSlate: SlateFontCache - WITH_FREETYPE: 1, WITH_HARFBUZZ: 1
[2019.06.22-18.36.03:124][  0]LogInit: Selected Device Profile: [Windows]
[2019.06.22-18.36.03:706][  0]LogSimplygon: Simplygon DLL not present - disabling.
[2019.06.22-18.36.03:784][  0]LogMeshReduction: Using SimplygonSwarm for distributed automatic mesh merging
[2019.06.22-18.36.03:784][  0]LogMeshReduction: Using QuadricMeshReduction for automatic static mesh reduction
[2019.06.22-18.36.03:784][  0]LogMeshReduction: No automatic skeletal mesh reduction module available
[2019.06.22-18.36.03:784][  0]LogMeshReduction: No automatic mesh merging module available
[2019.06.22-18.36.03:784][  0]LogMeshMerging: No automatic mesh merging module available
[2019.06.22-18.36.03:822][  0]LogNetVersion: VR_Movement , NetCL: 3709383, EngineNetVer: 2, GameNetVer: 0 (Checksum: 2938711460)
[2019.06.22-18.36.04:056][  0]LogAssetRegistry: FAssetRegistry took 0.0278 seconds to start up
[2019.06.22-18.36.04:741][  0]LogPackageLocalizationCache: Processed 7 localized package path(s) for 1 prioritized culture(s) in 0.028863 seconds
[2019.06.22-18.36.04:746][  0]LogUObjectArray: 35870 objects as part of root set at end of initial load.
[2019.06.22-18.36.04:746][  0]LogUObjectAllocator: 7363696 out of 0 bytes used by permanent object pool.
[2019.06.22-18.36.04:746][  0]LogUObjectArray: CloseDisregardForGC: 0/0 objects in disregard for GC pool
[2019.06.22-18.36.04:842][  0]LogInit: WinSock: version 1.1 (2.2), MaxSocks=32767, MaxUdp=65467
[2019.06.22-18.36.09:230][  0]LogTcpMessaging: Initializing TcpMessaging bridge
[2019.06.22-18.36.09:312][  0]LogUdpMessaging: Initializing bridge on interface 0.0.0.0:0 to multicast group 230.0.0.1:6666.
[2019.06.22-18.36.10:622][  0]LogMaterial: Uniform references updated for custom material expression Custom.
[2019.06.22-18.36.11:441][  0]SourceControl: Source control is disabled
[2019.06.22-18.36.11:441][  0]SourceControl: Source control is disabled
[2019.06.22-18.36.11:549][  0]SourceControl: Source control is disabled
[2019.06.22-18.36.11:650][  0]SourceControl: Source control is disabled
[2019.06.22-18.36.13:143][  0]LogAndroidPermission: UAndroidPermissionCallbackProxy::GetInstance
[2019.06.22-18.36.13:620][  0]LogOcInput: OculusInput pre-init called
[2019.06.22-18.36.14:071][  0]LogEngine: Initializing Engine...
[2019.06.22-18.36.14:102][  0]LogHMD: Failed to initialize OpenVR with code 126
[2019.06.22-18.36.14:352][  0]LogStats: UGameplayTagsManager::ConstructGameplayTagTree: Construct from data asset -  0.000 s
[2019.06.22-18.36.14:352][  0]LogStats: UGameplayTagsManager::ConstructGameplayTagTree: GameplayTagTreeChangedEvent.Broadcast -  0.000 s
[2019.06.22-18.36.14:585][  0]LogAIModule: Creating AISystem for world Untitled
[2019.06.22-18.36.14:620][  0]LogInit: XAudio2 using 'Altavoces (Logitech USB Headset H540)' : 2 channels at 48 kHz using 16 bits per sample (channel mask 0x3)
[2019.06.22-18.36.14:640][  0]LogInit: FAudioDevice initialized.
[2019.06.22-18.36.14:762][  0]LogDerivedDataCache: Saved boot cache 0.12s 78MB C:/Users/tgink/AppData/Local/UnrealEngine/4.18/DerivedDataCache/Boot.ddc.
[2019.06.22-18.36.14:786][  0]LogInit: Texture streaming: Enabled
[2019.06.22-18.36.14:968][  0]LogEngineSessionManager: EngineSessionManager initialized
[2019.06.22-18.36.15:231][  0]LogInit: Transaction tracking system initialized
[2019.06.22-18.36.15:929][  0]BlueprintLog: New page: Editor Load
[2019.06.22-18.36.18:225][  0]LocalizationService: Localization service is disabled
[2019.06.22-18.36.19:892][  0]LogConsoleResponse: Display: 
[2019.06.22-18.36.20:159][  0]LogFileCache: Scanning file cache for directory 'D:/Unreal Projects/VR_Movement/VR_Movement/Content/' took 0.01s
[2019.06.22-18.36.20:159][  0]LogCook: Display: Max memory allowance for cook 16384mb min free memory 0mb
[2019.06.22-18.36.20:159][  0]LogCook: Display: Mobile HDR setting 1
[2019.06.22-18.36.20:159][  0]LogGameplayTags: Display: UGameplayTagsManager::DoneAddingNativeTags. DelegateIsBound: 0
[2019.06.22-18.36.22:678][  0]SourceControl: Source control is disabled
[2019.06.22-18.36.22:678][  0]Cmd: MAP LOAD FILE="../../../Engine/Content/Maps/Templates/Template_Default.umap" TEMPLATE=1 SHOWPROGRESS=1 FEATURELEVEL=3
[2019.06.22-18.36.22:678][  0]LightingResults: New page: Lighting Build
[2019.06.22-18.36.22:755][  0]MapCheck: New page: Map Check
[2019.06.22-18.36.22:755][  0]LightingResults: New page: Lighting Build
[2019.06.22-18.36.23:043][  0]LogAIModule: Creating AISystem for world Untitled_1
[2019.06.22-18.36.23:051][  0]LogEditorServer: Finished looking for orphan Actors (0.000 secs)
[2019.06.22-18.36.23:063][  0]Cmd: MAP CHECKDEP NOCLEARLOG
[2019.06.22-18.36.23:130][  0]MapCheck: Map check complete: 0 Error(s), 0 Warning(s), took 67.082ms to complete.
[2019.06.22-18.36.23:131][  0]LogFileHelpers: Loading map 'Template_Default' took 0.452
[2019.06.22-18.36.23:327][  0]LogCollectionManager: Loaded 0 collections in 0.002155 seconds
[2019.06.22-18.36.23:441][  0]LogFileCache: Scanning file cache for directory 'D:/Unreal Projects/VR_Movement/VR_Movement/Saved/Collections/' took 0.01s
[2019.06.22-18.36.23:441][  0]LogFileCache: Scanning file cache for directory 'D:/Unreal Projects/VR_Movement/VR_Movement/Content/Developers/Toni/Collections/' took 0.01s
[2019.06.22-18.36.23:441][  0]LogFileCache: Scanning file cache for directory 'D:/Unreal Projects/VR_Movement/VR_Movement/Content/Collections/' took 0.01s
[2019.06.22-18.36.23:441][  0]LogCollectionManager: Rebuilt the GUID cache for 0 collections in 0.000000 seconds
[2019.06.22-18.36.23:453][  0]LogContentBrowser: Native class hierarchy populated in 0.0114 seconds. Added 2365 classes and 523 folders.
[2019.06.22-18.36.23:573][  0]LogContentBrowser: Native class hierarchy updated for 'WidgetCarousel' in 0.0007 seconds. Added 0 classes and 0 folders.
[2019.06.22-18.36.23:637][  0]LogContentBrowser: Native class hierarchy updated for 'AddContentDialog' in 0.0007 seconds. Added 0 classes and 0 folders.
[2019.06.22-18.36.25:125][  0]LogSlate: Only BGRA pngs, bmps or icos are supported in by External Image Picker
[2019.06.22-18.36.25:157][  0]LogSlate: Took 0.000320 seconds to synchronously load lazily loaded font '../../../Engine/Content/Slate/Fonts/Roboto-Regular.ttf' (155K)
[2019.06.22-18.36.25:162][  0]LogSlate: Took 0.000287 seconds to synchronously load lazily loaded font '../../../Engine/Content/Slate/Fonts/Roboto-Bold.ttf' (160K)
[2019.06.22-18.36.25:165][  0]LogSlate: Took 0.000360 seconds to synchronously load lazily loaded font '../../../Engine/Content/Editor/Slate/Fonts/FontAwesome.ttf' (139K)
[2019.06.22-18.36.25:176][  0]LogSlate: Took 0.000253 seconds to synchronously load lazily loaded font '../../../Engine/Content/Editor/Slate/Fonts/DroidSansMono.ttf' (77K)
[2019.06.22-18.36.25:377][  0]LogTemp: Executing iPhonePackager certificates Engine -bundlename com.YourCompany.VRMovement
[2019.06.22-18.36.25:377][  0]LogTemp: CWD: C:\Program Files\Epic Games\UE_4.18\Engine\Binaries\DotNET\IOS
[2019.06.22-18.36.25:378][  0]LogTemp: Initial Dir: C:\Program Files\Epic Games\UE_4.18
[2019.06.22-18.36.25:378][  0]LogTemp: Env CWD: C:\Program Files\Epic Games\UE_4.18\Engine\Binaries\DotNET\IOS
[2019.06.22-18.36.25:378][  0]LogTemp: BranchPath = DESKTOP-Q6913F5/C/Program Files/Epic Games/UE_4.18/Engine/Binaries --- GameBranchPath = DESKTOP-Q6913F5/C/Program Files/Epic Games/UE_4.18/Engine/Binaries
[2019.06.22-18.36.25:378][  0]LogTemp: IPP ERROR: Could not find provision directory 'C:\Users\tgink\AppData\Local/Apple Computer/MobileDevice/Provisioning Profiles/'.
[2019.06.22-18.36.25:378][  0]LogRenderer: Reallocating scene render targets to support 1096x704 Format 10 NumSamples 1 (Frame:1).
[2019.06.22-18.36.25:573][  0]LogContentBrowser: Native class hierarchy updated for 'HierarchicalLODOutliner' in 0.0007 seconds. Added 1 classes and 2 folders.
[2019.06.22-18.36.25:573][  0]LogLoad: (Engine Initialization) Total time: 32.80 seconds
[2019.06.22-18.36.25:573][  0]LogLoad: (Engine Initialization) Total Blueprint compile time: 0.00 seconds
[2019.06.22-18.36.25:574][  0]LogExternalProfiler: No external profilers were discovered.  External profiling features will not be available.
[2019.06.22-18.36.25:627][  0]LogContentStreaming: Texture pool size now 3000 MB
[2019.06.22-18.36.25:686][  1]LogAssetRegistry: Asset discovery search completed in 21.6527 seconds
[2019.06.22-18.36.25:688][  1]LogCollectionManager: Rebuilt the object cache for 0 collections in 0.000000 seconds (found 0 objects)
[2019.06.22-18.36.25:689][  1]LogCollectionManager: Fixed up redirectors for 0 collections in 0.000267 seconds (updated 0 objects)
[2019.06.22-18.36.48:893][359]LogTemp: Repeating last play command: Selected Viewport
[2019.06.22-18.36.48:911][359]LogPlayLevel: PlayLevel: No blueprints needed recompiling
[2019.06.22-18.36.48:912][359]PIE: New page: PIE session: Untitled_1 (Jun 22, 2019, 10:36:48 AM)
[2019.06.22-18.36.48:912][359]LogPlayLevel: Creating play world package: /Temp/UEDPIE_0_Untitled_1
[2019.06.22-18.36.48:919][359]LogPlayLevel: PIE: StaticDuplicateObject took: (0.006638s)
[2019.06.22-18.36.48:920][359]LogAIModule: Creating AISystem for world Untitled_1
[2019.06.22-18.36.48:920][359]LogPlayLevel: PIE: World Init took: (0.000963s)
[2019.06.22-18.36.48:920][359]LogPlayLevel: PIE: Created PIE world by copying editor world from /Temp/Untitled_1.Untitled_1 to /Temp/UEDPIE_0_Untitled_1.Untitled_1 (0.008190s)
[2019.06.22-18.36.48:954][359]LogInit: XAudio2 using 'Altavoces (Logitech USB Headset H540)' : 2 channels at 48 kHz using 16 bits per sample (channel mask 0x3)
[2019.06.22-18.36.48:966][359]LogInit: FAudioDevice initialized.
[2019.06.22-18.36.49:015][359]LogLoad: Game class is 'GameModeBase'
[2019.06.22-18.36.49:017][359]LogWorld: Bringing World /Temp/UEDPIE_0_Untitled_1.Untitled_1 up for play (max tick rate 60) at 2019.06.22-14.36.49
[2019.06.22-18.36.49:017][359]LogWorld: Bringing up level for play took: 0.000879
[2019.06.22-18.36.49:090][359]LogContentBrowser: Native class hierarchy updated for 'MovieSceneCapture' in 0.0006 seconds. Added 11 classes and 0 folders.
[2019.06.22-18.36.49:091][359]PIE: Play in editor start time for /Temp/UEDPIE_0_Untitled_1 0.406
[2019.06.22-18.36.59:284][864]LogPlayLevel: Warning: PIE failed because map save was canceled
[2019.06.22-18.36.59:284][864]PIE: Warning: PIE failed because map save was canceled
[2019.06.22-18.37.02:475][ 55]LogTemp: Repeating last play command: Mobile Preview ES2 (PIE)
[2019.06.22-18.37.03:539][ 55]LogPlayLevel: Warning: PIE failed because map save was canceled
[2019.06.22-18.37.03:539][ 55]PIE: Warning: PIE failed because map save was canceled
[2019.06.22-18.37.06:975][260]LogPlayLevel: PlayLevel: No blueprints needed recompiling
[2019.06.22-18.37.06:975][260]PIE: New page: PIE session: Untitled_1 (Jun 22, 2019, 10:37:06 AM)
[2019.06.22-18.37.06:975][260]LogPlayLevel: Creating play world package: /Temp/UEDPIE_0_Untitled_1
[2019.06.22-18.37.06:981][260]LogPlayLevel: PIE: StaticDuplicateObject took: (0.005834s)
[2019.06.22-18.37.06:982][260]LogAIModule: Creating AISystem for world Untitled_1
[2019.06.22-18.37.06:983][260]LogPlayLevel: PIE: World Init took: (0.000997s)
[2019.06.22-18.37.06:983][260]LogPlayLevel: PIE: Created PIE world by copying editor world from /Temp/Untitled_1.Untitled_1 to /Temp/UEDPIE_0_Untitled_1.Untitled_1 (0.007654s)
[2019.06.22-18.37.07:021][260]LogInit: XAudio2 using 'Altavoces (Logitech USB Headset H540)' : 2 channels at 48 kHz using 16 bits per sample (channel mask 0x3)
[2019.06.22-18.37.07:034][260]LogInit: FAudioDevice initialized.
[2019.06.22-18.37.07:065][260]LogLoad: Game class is 'GameModeBase'
[2019.06.22-18.37.07:066][260]LogWorld: Bringing World /Temp/UEDPIE_0_Untitled_1.Untitled_1 up for play (max tick rate 60) at 2019.06.22-14.37.07
[2019.06.22-18.37.07:067][260]LogWorld: Bringing up level for play took: 0.001029
[2019.06.22-18.37.07:068][260]PIE: Play in editor start time for /Temp/UEDPIE_0_Untitled_1 0.383
